<?xml version="1.0" encoding="UTF-8"?>
<!-- Generated by org.testng.reporters.JUnitXMLReporter -->
<testsuite ignored="2" hostname="SarvinNila" failures="0" tests="1" name="Test" time="5.363" errors="0" timestamp="2024-06-21T12:47:57 IST">
  <testcase classname="com.orange_hrmpackage.OrangeHRM_TestCase" name="loginOrangeHRM" time="5.322"/>
  <testcase classname="com.orange_hrmpackage.OrangeHRM_BaseClass" name="@AfterSuite browserClose" time="0.0">
    <ignored/>
  </testcase> <!-- @AfterSuite browserClose -->
  <testcase classname="com.orange_hrmpackage.OrangeHRM_BaseClass" name="@BeforeSuite browserLaunch" time="0.0">
    <ignored/>
  </testcase> <!-- @BeforeSuite browserLaunch -->
</testsuite> <!-- Test -->
