<?xml version="1.0" encoding="UTF-8"?>
<testng-results ignored="0" total="1" passed="1" failed="0" skipped="0">
  <reporter-output>
  </reporter-output>
  <suite started-at="2024-06-21T12:47:51 IST" name="Suite" finished-at="2024-06-21T12:47:57 IST" duration-ms="5363">
    <groups>
    </groups>
    <test started-at="2024-06-21T12:47:51 IST" name="Test" finished-at="2024-06-21T12:47:57 IST" duration-ms="5363">
      <class name="com.orange_hrmpackage.OrangeHRM_TestCase">
        <test-method is-config="true" signature="browserLaunch()[pri:0, instance:com.orange_hrmpackage.OrangeHRM_TestCase@5f049ea1]" started-at="2024-06-21T12:47:43 IST" name="browserLaunch" finished-at="2024-06-21T12:47:51 IST" duration-ms="8721" status="PASS">
          <reporter-output>
          </reporter-output>
        </test-method> <!-- browserLaunch -->
        <test-method signature="loginOrangeHRM()[pri:0, instance:com.orange_hrmpackage.OrangeHRM_TestCase@5f049ea1]" started-at="2024-06-21T12:47:51 IST" name="loginOrangeHRM" finished-at="2024-06-21T12:47:57 IST" duration-ms="5322" status="PASS">
          <reporter-output>
          </reporter-output>
        </test-method> <!-- loginOrangeHRM -->
        <test-method is-config="true" signature="browserClose()[pri:0, instance:com.orange_hrmpackage.OrangeHRM_TestCase@5f049ea1]" started-at="2024-06-21T12:47:57 IST" name="browserClose" finished-at="2024-06-21T12:47:57 IST" duration-ms="111" status="PASS">
          <reporter-output>
          </reporter-output>
        </test-method> <!-- browserClose -->
      </class> <!-- com.orange_hrmpackage.OrangeHRM_TestCase -->
    </test> <!-- Test -->
  </suite> <!-- Suite -->
</testng-results>
